<?xml version="1.0" encoding="UTF-8"?>
<!-- Generated by org.testng.reporters.JUnitXMLReporter -->
<testsuite hostname="DESKTOP-CI2T2L0" failures="0" tests="5" name="Default test" time="43.013" errors="0" timestamp="22 Apr 2019 02:25:41 GMT">
  <testcase classname="Selenium.Selenium.FacebookAccountDataProvider" name="FacebookActDataProvider" time="7.611"/>
  <testcase classname="Selenium.Selenium.FacebookAccountDataProvider" name="FacebookActDataProvider" time="9.12"/>
  <testcase classname="Selenium.Selenium.FacebookAccountDataProvider" name="FacebookActDataProvider" time="9.447"/>
  <testcase classname="Selenium.Selenium.FacebookAccountDataProvider" name="FacebookActDataProvider" time="7.784"/>
  <testcase classname="Selenium.Selenium.FacebookAccountDataProvider" name="FacebookActDataProvider" time="8.041"/>
</testsuite> <!-- Default test -->
