<?xml version="1.0" encoding="UTF-8"?>
<testng-results total="5" passed="5" failed="0" skipped="0">
  <reporter-output>
  </reporter-output>
  <suite started-at="2019-04-22T02:24:58Z" name="Default suite" finished-at="2019-04-22T02:25:41Z" duration-ms="43013">
    <groups>
    </groups>
    <test started-at="2019-04-22T02:24:58Z" name="Default test" finished-at="2019-04-22T02:25:41Z" duration-ms="43013">
      <class name="Selenium.Selenium.FacebookAccountDataProvider">
        <test-method signature="FacebookActDataProvider(java.lang.String, java.lang.String, java.lang.String, java.lang.String)[pri:0, instance:Selenium.Selenium.FacebookAccountDataProvider@8e0379d]" started-at="2019-04-21T22:24:59Z" name="FacebookActDataProvider" data-provider="facebookAccount" finished-at="2019-04-21T22:25:07Z" duration-ms="7611" status="PASS">
          <params>
            <param index="0">
              <value>
                <![CDATA[ram]]>
              </value>
            </param>
            <param index="1">
              <value>
                <![CDATA[kamuri]]>
              </value>
            </param>
            <param index="2">
              <value>
                <![CDATA[krish@gmail.com]]>
              </value>
            </param>
            <param index="3">
              <value>
                <![CDATA[rk]]>
              </value>
            </param>
          </params>
          <reporter-output>
          </reporter-output>
        </test-method> <!-- FacebookActDataProvider -->
        <test-method signature="FacebookActDataProvider(java.lang.String, java.lang.String, java.lang.String, java.lang.String)[pri:0, instance:Selenium.Selenium.FacebookAccountDataProvider@8e0379d]" started-at="2019-04-21T22:25:07Z" name="FacebookActDataProvider" data-provider="facebookAccount" finished-at="2019-04-21T22:25:16Z" duration-ms="9120" status="PASS">
          <params>
            <param index="0">
              <value>
                <![CDATA[krishna]]>
              </value>
            </param>
            <param index="1">
              <value>
                <![CDATA[muttumula]]>
              </value>
            </param>
            <param index="2">
              <value>
                <![CDATA[ram@gmail.com]]>
              </value>
            </param>
            <param index="3">
              <value>
                <![CDATA[rk]]>
              </value>
            </param>
          </params>
          <reporter-output>
          </reporter-output>
        </test-method> <!-- FacebookActDataProvider -->
        <test-method signature="FacebookActDataProvider(java.lang.String, java.lang.String, java.lang.String, java.lang.String)[pri:0, instance:Selenium.Selenium.FacebookAccountDataProvider@8e0379d]" started-at="2019-04-21T22:25:16Z" name="FacebookActDataProvider" data-provider="facebookAccount" finished-at="2019-04-21T22:25:25Z" duration-ms="9447" status="PASS">
          <params>
            <param index="0">
              <value>
                <![CDATA[sudha]]>
              </value>
            </param>
            <param index="1">
              <value>
                <![CDATA[mudiyala]]>
              </value>
            </param>
            <param index="2">
              <value>
                <![CDATA[suda@gmail.com]]>
              </value>
            </param>
            <param index="3">
              <value>
                <![CDATA[rj]]>
              </value>
            </param>
          </params>
          <reporter-output>
          </reporter-output>
        </test-method> <!-- FacebookActDataProvider -->
        <test-method signature="FacebookActDataProvider(java.lang.String, java.lang.String, java.lang.String, java.lang.String)[pri:0, instance:Selenium.Selenium.FacebookAccountDataProvider@8e0379d]" started-at="2019-04-21T22:25:25Z" name="FacebookActDataProvider" data-provider="facebookAccount" finished-at="2019-04-21T22:25:33Z" duration-ms="7784" status="PASS">
          <params>
            <param index="0">
              <value>
                <![CDATA[rani]]>
              </value>
            </param>
            <param index="1">
              <value>
                <![CDATA[kamuri]]>
              </value>
            </param>
            <param index="2">
              <value>
                <![CDATA[rani@gmail.com]]>
              </value>
            </param>
            <param index="3">
              <value>
                <![CDATA[reddy]]>
              </value>
            </param>
          </params>
          <reporter-output>
          </reporter-output>
        </test-method> <!-- FacebookActDataProvider -->
        <test-method signature="FacebookActDataProvider(java.lang.String, java.lang.String, java.lang.String, java.lang.String)[pri:0, instance:Selenium.Selenium.FacebookAccountDataProvider@8e0379d]" started-at="2019-04-21T22:25:33Z" name="FacebookActDataProvider" data-provider="facebookAccount" finished-at="2019-04-21T22:25:41Z" duration-ms="8041" status="PASS">
          <params>
            <param index="0">
              <value>
                <![CDATA[ramkri]]>
              </value>
            </param>
            <param index="1">
              <value>
                <![CDATA[kamuri]]>
              </value>
            </param>
            <param index="2">
              <value>
                <![CDATA[rk@gmail.com]]>
              </value>
            </param>
            <param index="3">
              <value>
                <![CDATA[rk]]>
              </value>
            </param>
          </params>
          <reporter-output>
          </reporter-output>
        </test-method> <!-- FacebookActDataProvider -->
      </class> <!-- Selenium.Selenium.FacebookAccountDataProvider -->
    </test> <!-- Default test -->
  </suite> <!-- Default suite -->
</testng-results>
