<?xml version="1.0" encoding="UTF-8"?>
<testng-results total="1" passed="1" failed="0" skipped="0">
  <reporter-output>
  </reporter-output>
  <suite started-at="2019-04-28T16:36:02Z" name="Default suite" finished-at="2019-04-28T16:36:45Z" duration-ms="43090">
    <groups>
    </groups>
    <test started-at="2019-04-28T16:36:02Z" name="Default test" finished-at="2019-04-28T16:36:45Z" duration-ms="43090">
      <class name="Selenium.Selenium.MouseActionsExample">
        <test-method signature="jobsearchOnAllegisGroupHomePageAdvanced()[pri:0, instance:Selenium.Selenium.MouseActionsExample@4c6e276e]" started-at="2019-04-28T12:36:02Z" name="jobsearchOnAllegisGroupHomePageAdvanced" finished-at="2019-04-28T12:36:45Z" duration-ms="43067" status="PASS">
          <reporter-output>
          </reporter-output>
        </test-method> <!-- jobsearchOnAllegisGroupHomePageAdvanced -->
      </class> <!-- Selenium.Selenium.MouseActionsExample -->
    </test> <!-- Default test -->
  </suite> <!-- Default suite -->
</testng-results>
