<?xml version="1.0" encoding="UTF-8"?>
<testng-results skipped="0" failed="0" total="1" passed="1">
  <reporter-output>
  </reporter-output>
  <suite name="Default suite" duration-ms="20410" started-at="2019-06-20T22:43:10Z" finished-at="2019-06-20T22:43:31Z">
    <groups>
    </groups>
    <test name="Default test" duration-ms="20410" started-at="2019-06-20T22:43:10Z" finished-at="2019-06-20T22:43:31Z">
      <class name="Selenium.Selenium.sudhaTest">
        <test-method status="PASS" signature="SpiltString()[pri:0, instance:Selenium.Selenium.sudhaTest@1dfe2924]" name="SpiltString" duration-ms="20387" started-at="2019-06-20T18:43:10Z" finished-at="2019-06-20T18:43:31Z">
          <reporter-output>
          </reporter-output>
        </test-method> <!-- SpiltString -->
      </class> <!-- Selenium.Selenium.sudhaTest -->
    </test> <!-- Default test -->
  </suite> <!-- Default suite -->
</testng-results>
